2025-08-14 23:18:26,009 - INFO - [START] Starting Complete Real Order Flow
2025-08-14 23:18:26,009 - INFO - [CLIPBOARD] Session ID: REAL-E2E-20250814-231826
2025-08-14 23:18:26,009 - INFO - [USER] Customer ID: CUST001
2025-08-14 23:18:26,009 - INFO - 
[ADDRESS] Real Step 1/10: 01_start_customer_portal
2025-08-14 23:18:26,009 - INFO - [ORCHESTRATE] Actor: Customer
2025-08-14 23:18:26,009 - INFO - [DEMO] Action: start_and_authenticate
2025-08-14 23:18:26,009 - INFO - [DEMO] Executing Real Step 01_start_customer_portal: Customer - start_and_authenticate
2025-08-14 23:18:26,009 - INFO - [START] Starting script instance: customer_portal_standalone.py
2025-08-14 23:18:26,027 - INFO - Started script customer_portal_standalone.py with ID customer_portal_standalone.py_1755193706
2025-08-14 23:18:32,092 - INFO - [DEBUG] Script customer_portal_standalone.py running check at 1.0s: True
2025-08-14 23:18:32,092 - INFO - [SUCCESS] Script customer_portal_standalone.py started with ID customer_portal_standalone.py_1755193706
2025-08-14 23:18:37,138 - INFO - [SUCCESS] Real Step 01_start_customer_portal completed successfully (11.13s)
2025-08-14 23:18:37,138 - INFO - [WAIT] Waiting 3.0s before next step...
2025-08-14 23:18:40,154 - INFO - 
[ADDRESS] Real Step 2/10: 02_create_order
2025-08-14 23:18:40,155 - INFO - [ORCHESTRATE] Actor: Customer
2025-08-14 23:18:40,155 - INFO - [DEMO] Action: create_order
2025-08-14 23:18:40,156 - INFO - [DEMO] Executing Real Step 02_create_order: Customer - create_order
2025-08-14 23:18:50,256 - INFO - [SUCCESS] Real Step 02_create_order completed successfully (10.10s)
2025-08-14 23:18:50,256 - INFO - [WAIT] Waiting 3.0s before next step...
2025-08-14 23:18:53,267 - INFO - 
[ADDRESS] Real Step 3/10: 03_start_inventory_staff
2025-08-14 23:18:53,268 - INFO - [ORCHESTRATE] Actor: Inventory Staff
2025-08-14 23:18:53,268 - INFO - [DEMO] Action: start_and_authenticate
2025-08-14 23:18:53,268 - INFO - [DEMO] Executing Real Step 03_start_inventory_staff: Inventory Staff - start_and_authenticate
2025-08-14 23:18:53,268 - INFO - [START] Starting script instance: inventory_staff_standalone.py
2025-08-14 23:18:53,303 - INFO - Started script inventory_staff_standalone.py with ID inventory_staff_standalone.py_1755193733
2025-08-14 23:18:59,349 - INFO - [DEBUG] Script inventory_staff_standalone.py running check at 1.0s: True
2025-08-14 23:18:59,349 - INFO - [SUCCESS] Script inventory_staff_standalone.py started with ID inventory_staff_standalone.py_1755193733
2025-08-14 23:19:04,404 - INFO - [SUCCESS] Real Step 03_start_inventory_staff completed successfully (11.14s)
2025-08-14 23:19:04,404 - INFO - [WAIT] Waiting 3.0s before next step...
2025-08-14 23:19:07,421 - INFO - 
[ADDRESS] Real Step 4/10: 04_process_order
2025-08-14 23:19:07,423 - INFO - [ORCHESTRATE] Actor: Inventory Staff
2025-08-14 23:19:07,423 - INFO - [DEMO] Action: process_order
2025-08-14 23:19:07,425 - INFO - [DEMO] Executing Real Step 04_process_order: Inventory Staff - process_order
2025-08-14 23:19:14,474 - INFO - [SUCCESS] Real Step 04_process_order completed successfully (7.05s)
2025-08-14 23:19:14,474 - INFO - [WAIT] Waiting 3.0s before next step...
2025-08-14 23:19:17,476 - INFO - 
[ADDRESS] Real Step 5/10: 05_start_warehouse_manager
2025-08-14 23:19:17,476 - INFO - [ORCHESTRATE] Actor: Warehouse Manager
2025-08-14 23:19:17,476 - INFO - [DEMO] Action: start_and_authenticate
2025-08-14 23:19:17,479 - INFO - [DEMO] Executing Real Step 05_start_warehouse_manager: Warehouse Manager - start_and_authenticate
2025-08-14 23:19:17,479 - INFO - [START] Starting script instance: warehouse_manager_standalone.py
2025-08-14 23:19:17,492 - INFO - Started script warehouse_manager_standalone.py with ID warehouse_manager_standalone.py_1755193757
2025-08-14 23:19:23,535 - INFO - [DEBUG] Script warehouse_manager_standalone.py running check at 1.0s: True
2025-08-14 23:19:23,537 - INFO - [SUCCESS] Script warehouse_manager_standalone.py started with ID warehouse_manager_standalone.py_1755193757
2025-08-14 23:19:28,585 - INFO - [SUCCESS] Real Step 05_start_warehouse_manager completed successfully (11.11s)
2025-08-14 23:19:28,585 - INFO - [WAIT] Waiting 3.0s before next step...
2025-08-14 23:19:31,601 - INFO - 
[ADDRESS] Real Step 6/10: 06_approve_order
2025-08-14 23:19:31,601 - INFO - [ORCHESTRATE] Actor: Warehouse Manager
2025-08-14 23:19:31,601 - INFO - [DEMO] Action: approve_order
2025-08-14 23:19:31,606 - INFO - [DEMO] Executing Real Step 06_approve_order: Warehouse Manager - approve_order
2025-08-14 23:19:38,650 - INFO - [SUCCESS] Real Step 06_approve_order completed successfully (7.04s)
2025-08-14 23:19:38,650 - INFO - [WAIT] Waiting 3.0s before next step...
2025-08-14 23:19:41,661 - INFO - 
[ADDRESS] Real Step 7/10: 07_start_logistics_manager
2025-08-14 23:19:41,663 - INFO - [ORCHESTRATE] Actor: Logistics Manager
2025-08-14 23:19:41,663 - INFO - [DEMO] Action: start_and_authenticate
2025-08-14 23:19:41,663 - INFO - [DEMO] Executing Real Step 07_start_logistics_manager: Logistics Manager - start_and_authenticate
2025-08-14 23:19:41,663 - INFO - [START] Starting script instance: logistics_manager_standalone.py
2025-08-14 23:19:41,682 - INFO - Started script logistics_manager_standalone.py with ID logistics_manager_standalone.py_1755193781
2025-08-14 23:19:47,707 - INFO - [DEBUG] Script logistics_manager_standalone.py running check at 1.0s: True
2025-08-14 23:19:47,707 - INFO - [SUCCESS] Script logistics_manager_standalone.py started with ID logistics_manager_standalone.py_1755193781
2025-08-14 23:19:52,744 - INFO - [SUCCESS] Real Step 07_start_logistics_manager completed successfully (11.08s)
2025-08-14 23:19:52,744 - INFO - [WAIT] Waiting 3.0s before next step...
2025-08-14 23:19:55,752 - INFO - 
[ADDRESS] Real Step 8/10: 08_plan_delivery
2025-08-14 23:19:55,752 - INFO - [ORCHESTRATE] Actor: Logistics Manager
2025-08-14 23:19:55,752 - INFO - [DEMO] Action: plan_delivery
2025-08-14 23:19:55,756 - INFO - [DEMO] Executing Real Step 08_plan_delivery: Logistics Manager - plan_delivery
2025-08-14 23:20:01,806 - INFO - [SUCCESS] Real Step 08_plan_delivery completed successfully (6.05s)
2025-08-14 23:20:01,807 - INFO - [WAIT] Waiting 3.0s before next step...
2025-08-14 23:20:04,817 - INFO - 
[ADDRESS] Real Step 9/10: 09_start_delivery_personnel
2025-08-14 23:20:04,817 - INFO - [ORCHESTRATE] Actor: Delivery Personnel
2025-08-14 23:20:04,817 - INFO - [DEMO] Action: start_and_authenticate
2025-08-14 23:20:04,821 - INFO - [DEMO] Executing Real Step 09_start_delivery_personnel: Delivery Personnel - start_and_authenticate
2025-08-14 23:20:04,821 - INFO - [START] Starting script instance: delivery_personnel_standalone.py
2025-08-14 23:20:04,853 - INFO - Started script delivery_personnel_standalone.py with ID delivery_personnel_standalone.py_1755193804
2025-08-14 23:20:10,908 - INFO - [DEBUG] Script delivery_personnel_standalone.py running check at 1.0s: True
2025-08-14 23:20:10,908 - INFO - [SUCCESS] Script delivery_personnel_standalone.py started with ID delivery_personnel_standalone.py_1755193804
2025-08-14 23:20:15,910 - INFO - [SUCCESS] Real Step 09_start_delivery_personnel completed successfully (11.09s)
2025-08-14 23:20:15,910 - INFO - [WAIT] Waiting 3.0s before next step...
2025-08-14 23:20:18,914 - INFO - 
[ADDRESS] Real Step 10/10: 10_complete_delivery
2025-08-14 23:20:18,914 - INFO - [ORCHESTRATE] Actor: Delivery Personnel
2025-08-14 23:20:18,914 - INFO - [DEMO] Action: complete_delivery
2025-08-14 23:20:18,914 - INFO - [DEMO] Executing Real Step 10_complete_delivery: Delivery Personnel - complete_delivery
2025-08-14 23:20:25,988 - INFO - [SUCCESS] Real Step 10_complete_delivery completed successfully (7.07s)
2025-08-14 23:20:25,988 - INFO - 
[COMPLETE] Real Order Flow Completed!
2025-08-14 23:20:25,988 - INFO - [TRACK] Status: COMPLETED
2025-08-14 23:20:25,988 - INFO - [TIME] Total Duration: 119.98s
2025-08-14 23:20:25,988 - INFO - [CLIPBOARD] Order ID: None
2025-08-14 23:20:25,988 - INFO - [DELIVERY] Delivery ID: None
2025-08-14 23:20:25,988 - INFO - [CLEANUP] Cleaning up script instances...
2025-08-14 23:20:25,988 - INFO - Terminated script customer_portal_standalone.py_1755193706
2025-08-14 23:20:25,988 - INFO - [SUCCESS] Cleaned up customer_portal_standalone.py (ID: customer_portal_standalone.py_1755193706)
2025-08-14 23:20:26,008 - INFO - Terminated script inventory_staff_standalone.py_1755193733
2025-08-14 23:20:26,008 - INFO - [SUCCESS] Cleaned up inventory_staff_standalone.py (ID: inventory_staff_standalone.py_1755193733)
2025-08-14 23:20:26,017 - INFO - Terminated script warehouse_manager_standalone.py_1755193757
2025-08-14 23:20:26,017 - INFO - [SUCCESS] Cleaned up warehouse_manager_standalone.py (ID: warehouse_manager_standalone.py_1755193757)
2025-08-14 23:20:26,024 - INFO - Terminated script logistics_manager_standalone.py_1755193781
2025-08-14 23:20:26,024 - INFO - [SUCCESS] Cleaned up logistics_manager_standalone.py (ID: logistics_manager_standalone.py_1755193781)
2025-08-14 23:20:26,030 - INFO - Terminated script delivery_personnel_standalone.py_1755193804
2025-08-14 23:20:26,032 - INFO - [SUCCESS] Cleaned up delivery_personnel_standalone.py (ID: delivery_personnel_standalone.py_1755193804)
