2025-08-14 23:22:27,048 - INFO - [START] Starting Complete Real Order Flow
2025-08-14 23:22:27,050 - INFO - [CLIPBOARD] Session ID: REAL-E2E-20250814-232227
2025-08-14 23:22:27,050 - INFO - [USER] Customer ID: CUST001
2025-08-14 23:22:27,050 - INFO - 
[ADDRESS] Real Step 1/10: 01_start_customer_portal
2025-08-14 23:22:27,050 - INFO - [ORCHESTRATE] Actor: Customer
2025-08-14 23:22:27,051 - INFO - [DEMO] Action: start_and_authenticate
2025-08-14 23:22:27,051 - INFO - [DEMO] Executing Real Step 01_start_customer_portal: Customer - start_and_authenticate
2025-08-14 23:22:27,052 - INFO - [START] Starting script instance: customer_portal_standalone.py
2025-08-14 23:22:27,063 - INFO - Started script customer_portal_standalone.py with ID customer_portal_standalone.py_1755193947
2025-08-14 23:22:33,156 - INFO - [DEBUG] Script customer_portal_standalone.py running check at 1.0s: True
2025-08-14 23:22:33,156 - INFO - [SUCCESS] Script customer_portal_standalone.py started with ID customer_portal_standalone.py_1755193947
2025-08-14 23:22:40,218 - INFO - [SUCCESS] Real Step 01_start_customer_portal completed successfully (13.17s)
2025-08-14 23:22:40,218 - INFO - [WAIT] Waiting 3.0s before next step...
2025-08-14 23:22:43,228 - INFO - 
[ADDRESS] Real Step 2/10: 02_create_order
2025-08-14 23:22:43,228 - INFO - [ORCHESTRATE] Actor: Customer
2025-08-14 23:22:43,228 - INFO - [DEMO] Action: create_order
2025-08-14 23:22:43,229 - INFO - [DEMO] Executing Real Step 02_create_order: Customer - create_order
2025-08-14 23:22:55,336 - INFO - [SUCCESS] Real Step 02_create_order completed successfully (12.11s)
2025-08-14 23:22:55,336 - INFO - [WAIT] Waiting 3.0s before next step...
2025-08-14 23:22:58,338 - INFO - 
[ADDRESS] Real Step 3/10: 03_start_inventory_staff
2025-08-14 23:22:58,338 - INFO - [ORCHESTRATE] Actor: Inventory Staff
2025-08-14 23:22:58,338 - INFO - [DEMO] Action: start_and_authenticate
2025-08-14 23:22:58,338 - INFO - [DEMO] Executing Real Step 03_start_inventory_staff: Inventory Staff - start_and_authenticate
2025-08-14 23:22:58,338 - INFO - [START] Starting script instance: inventory_staff_standalone.py
2025-08-14 23:22:58,360 - INFO - Started script inventory_staff_standalone.py with ID inventory_staff_standalone.py_1755193978
2025-08-14 23:23:04,410 - INFO - [DEBUG] Script inventory_staff_standalone.py running check at 1.0s: True
2025-08-14 23:23:04,414 - INFO - [SUCCESS] Script inventory_staff_standalone.py started with ID inventory_staff_standalone.py_1755193978
2025-08-14 23:23:11,533 - INFO - [SUCCESS] Real Step 03_start_inventory_staff completed successfully (13.19s)
2025-08-14 23:23:11,534 - INFO - [WAIT] Waiting 3.0s before next step...
2025-08-14 23:23:14,550 - INFO - 
[ADDRESS] Real Step 4/10: 04_process_order
2025-08-14 23:23:14,553 - INFO - [ORCHESTRATE] Actor: Inventory Staff
2025-08-14 23:23:14,553 - INFO - [DEMO] Action: process_order
2025-08-14 23:23:14,553 - INFO - [DEMO] Executing Real Step 04_process_order: Inventory Staff - process_order
2025-08-14 23:23:23,639 - INFO - [SUCCESS] Real Step 04_process_order completed successfully (9.09s)
2025-08-14 23:23:23,639 - INFO - [WAIT] Waiting 3.0s before next step...
2025-08-14 23:23:26,650 - INFO - 
[ADDRESS] Real Step 5/10: 05_start_warehouse_manager
2025-08-14 23:23:26,650 - INFO - [ORCHESTRATE] Actor: Warehouse Manager
2025-08-14 23:23:26,650 - INFO - [DEMO] Action: start_and_authenticate
2025-08-14 23:23:26,650 - INFO - [DEMO] Executing Real Step 05_start_warehouse_manager: Warehouse Manager - start_and_authenticate
2025-08-14 23:23:26,650 - INFO - [START] Starting script instance: warehouse_manager_standalone.py
2025-08-14 23:23:26,662 - INFO - Started script warehouse_manager_standalone.py with ID warehouse_manager_standalone.py_1755194006
2025-08-14 23:23:32,709 - INFO - [DEBUG] Script warehouse_manager_standalone.py running check at 1.0s: True
2025-08-14 23:23:32,709 - INFO - [SUCCESS] Script warehouse_manager_standalone.py started with ID warehouse_manager_standalone.py_1755194006
2025-08-14 23:23:39,889 - INFO - [SUCCESS] Real Step 05_start_warehouse_manager completed successfully (13.24s)
2025-08-14 23:23:39,892 - INFO - [WAIT] Waiting 3.0s before next step...
2025-08-14 23:23:42,899 - INFO - 
[ADDRESS] Real Step 6/10: 06_approve_order
2025-08-14 23:23:42,899 - INFO - [ORCHESTRATE] Actor: Warehouse Manager
2025-08-14 23:23:42,899 - INFO - [DEMO] Action: approve_order
2025-08-14 23:23:42,899 - INFO - [DEMO] Executing Real Step 06_approve_order: Warehouse Manager - approve_order
2025-08-14 23:23:52,059 - INFO - [SUCCESS] Real Step 06_approve_order completed successfully (9.16s)
2025-08-14 23:23:52,059 - INFO - [WAIT] Waiting 3.0s before next step...
2025-08-14 23:23:55,073 - INFO - 
[ADDRESS] Real Step 7/10: 07_start_logistics_manager
2025-08-14 23:23:55,076 - INFO - [ORCHESTRATE] Actor: Logistics Manager
2025-08-14 23:23:55,076 - INFO - [DEMO] Action: start_and_authenticate
2025-08-14 23:23:55,076 - INFO - [DEMO] Executing Real Step 07_start_logistics_manager: Logistics Manager - start_and_authenticate
2025-08-14 23:23:55,076 - INFO - [START] Starting script instance: logistics_manager_standalone.py
2025-08-14 23:23:55,081 - INFO - Started script logistics_manager_standalone.py with ID logistics_manager_standalone.py_1755194035
2025-08-14 23:24:01,131 - INFO - [DEBUG] Script logistics_manager_standalone.py running check at 1.0s: True
2025-08-14 23:24:01,131 - INFO - [SUCCESS] Script logistics_manager_standalone.py started with ID logistics_manager_standalone.py_1755194035
2025-08-14 23:24:08,172 - INFO - [SUCCESS] Real Step 07_start_logistics_manager completed successfully (13.10s)
2025-08-14 23:24:08,172 - INFO - [WAIT] Waiting 3.0s before next step...
2025-08-14 23:24:11,188 - INFO - 
[ADDRESS] Real Step 8/10: 08_plan_delivery
2025-08-14 23:24:11,188 - INFO - [ORCHESTRATE] Actor: Logistics Manager
2025-08-14 23:24:11,188 - INFO - [DEMO] Action: plan_delivery
2025-08-14 23:24:11,188 - INFO - [DEMO] Executing Real Step 08_plan_delivery: Logistics Manager - plan_delivery
2025-08-14 23:24:19,347 - INFO - [SUCCESS] Real Step 08_plan_delivery completed successfully (8.16s)
2025-08-14 23:24:19,347 - INFO - [WAIT] Waiting 3.0s before next step...
2025-08-14 23:24:22,357 - INFO - 
[ADDRESS] Real Step 9/10: 09_start_delivery_personnel
2025-08-14 23:24:22,357 - INFO - [ORCHESTRATE] Actor: Delivery Personnel
2025-08-14 23:24:22,357 - INFO - [DEMO] Action: start_and_authenticate
2025-08-14 23:24:22,357 - INFO - [DEMO] Executing Real Step 09_start_delivery_personnel: Delivery Personnel - start_and_authenticate
2025-08-14 23:24:22,357 - INFO - [START] Starting script instance: delivery_personnel_standalone.py
2025-08-14 23:24:22,373 - INFO - Started script delivery_personnel_standalone.py with ID delivery_personnel_standalone.py_1755194062
2025-08-14 23:24:28,474 - INFO - [DEBUG] Script delivery_personnel_standalone.py running check at 1.0s: True
2025-08-14 23:24:28,476 - INFO - [SUCCESS] Script delivery_personnel_standalone.py started with ID delivery_personnel_standalone.py_1755194062
2025-08-14 23:24:35,631 - INFO - [SUCCESS] Real Step 09_start_delivery_personnel completed successfully (13.27s)
2025-08-14 23:24:35,634 - INFO - [WAIT] Waiting 3.0s before next step...
2025-08-14 23:24:38,646 - INFO - 
[ADDRESS] Real Step 10/10: 10_complete_delivery
2025-08-14 23:24:38,646 - INFO - [ORCHESTRATE] Actor: Delivery Personnel
2025-08-14 23:24:38,646 - INFO - [DEMO] Action: complete_delivery
2025-08-14 23:24:38,646 - INFO - [DEMO] Executing Real Step 10_complete_delivery: Delivery Personnel - complete_delivery
2025-08-14 23:24:47,682 - INFO - [SUCCESS] Real Step 10_complete_delivery completed successfully (9.04s)
2025-08-14 23:24:47,682 - INFO - 
[COMPLETE] Real Order Flow Completed!
2025-08-14 23:24:47,682 - INFO - [TRACK] Status: COMPLETED
2025-08-14 23:24:47,682 - INFO - [TIME] Total Duration: 140.63s
2025-08-14 23:24:47,682 - INFO - [CLIPBOARD] Order ID: None
2025-08-14 23:24:47,682 - INFO - [DELIVERY] Delivery ID: None
2025-08-14 23:24:47,682 - INFO - [CLEANUP] Cleaning up script instances...
2025-08-14 23:24:47,689 - INFO - Terminated script customer_portal_standalone.py_1755193947
2025-08-14 23:24:47,689 - INFO - [SUCCESS] Cleaned up customer_portal_standalone.py (ID: customer_portal_standalone.py_1755193947)
2025-08-14 23:24:47,695 - INFO - Terminated script inventory_staff_standalone.py_1755193978
2025-08-14 23:24:47,697 - INFO - [SUCCESS] Cleaned up inventory_staff_standalone.py (ID: inventory_staff_standalone.py_1755193978)
2025-08-14 23:24:47,700 - INFO - Terminated script warehouse_manager_standalone.py_1755194006
2025-08-14 23:24:47,711 - INFO - [SUCCESS] Cleaned up warehouse_manager_standalone.py (ID: warehouse_manager_standalone.py_1755194006)
2025-08-14 23:24:47,714 - INFO - Terminated script logistics_manager_standalone.py_1755194035
2025-08-14 23:24:47,714 - INFO - [SUCCESS] Cleaned up logistics_manager_standalone.py (ID: logistics_manager_standalone.py_1755194035)
2025-08-14 23:24:47,723 - INFO - Terminated script delivery_personnel_standalone.py_1755194062
2025-08-14 23:24:47,727 - INFO - [SUCCESS] Cleaned up delivery_personnel_standalone.py (ID: delivery_personnel_standalone.py_1755194062)
